build/app/intermediates/manifest_merge_blame_file/debug/manifest-merger-blame-debug-report.txt
1<?xml version="1.0" encoding="utf-8"?>
2<manifest xmlns:android="http://schemas.android.com/apk/res/android"
3    package="com.flutterflow.edriveapp"
4    android:versionCode="1"
5    android:versionName="1.0.0" >
6
7    <uses-sdk
8        android:minSdkVersion="21"
9        android:targetSdkVersion="33" />
10    <!--
11         Flutter needs it to communicate with the running application
12         to allow setting breakpoints, to provide hot reload, etc.
13    -->
14    <uses-permission android:name="android.permission.INTERNET" />
14-->src\main\AndroidManifest.xml:4:5-66
14-->src\main\AndroidManifest.xml:4:22-64
15    <uses-permission android:name="android.permission.CAMERA" />
15-->src\main\AndroidManifest.xml:5:5-64
15-->src\main\AndroidManifest.xml:5:22-62
16    <uses-permission
16-->src\main\AndroidManifest.xml:6:5-80
17        android:name="android.permission.READ_EXTERNAL_STORAGE"
17-->src\main\AndroidManifest.xml:6:22-77
18        android:maxSdkVersion="32" />
18-->[:file_picker] AndroidManifest.xml:11:9-35
19    <uses-permission android:name="android.permission.WRITE_EXTERNAL_STORAGE" />
19-->src\main\AndroidManifest.xml:7:5-81
19-->src\main\AndroidManifest.xml:7:22-78
20
21    <queries>
21-->[:file_picker] AndroidManifest.xml:13:5-19:15
22        <intent>
22-->[:file_picker] AndroidManifest.xml:14:9-18:18
23            <action android:name="android.intent.action.GET_CONTENT" />
23-->[:file_picker] AndroidManifest.xml:15:13-72
23-->[:file_picker] AndroidManifest.xml:15:21-69
24
25            <data android:mimeType="*/*" />
25-->src\main\AndroidManifest.xml:50:17-73
26        </intent>
27    </queries>
28
29    <uses-permission android:name="android.permission.ACCESS_NETWORK_STATE" />
29-->[com.google.firebase:firebase-auth:22.0.0] AndroidManifest.xml:26:5-79
29-->[com.google.firebase:firebase-auth:22.0.0] AndroidManifest.xml:26:22-76
30
31    <permission
31-->[androidx.core:core:1.10.1] AndroidManifest.xml:22:5-24:47
32        android:name="com.flutterflow.edriveapp.DYNAMIC_RECEIVER_NOT_EXPORTED_PERMISSION"
32-->[androidx.core:core:1.10.1] AndroidManifest.xml:23:9-81
33        android:protectionLevel="signature" />
33-->[androidx.core:core:1.10.1] AndroidManifest.xml:24:9-44
34
35    <uses-permission android:name="com.flutterflow.edriveapp.DYNAMIC_RECEIVER_NOT_EXPORTED_PERMISSION" />
35-->[androidx.core:core:1.10.1] AndroidManifest.xml:26:5-97
35-->[androidx.core:core:1.10.1] AndroidManifest.xml:26:22-94
36
37    <application
37-->src\main\AndroidManifest.xml:9:5-63:19
38        android:appComponentFactory="androidx.core.app.CoreComponentFactory"
38-->[androidx.core:core:1.10.1] AndroidManifest.xml:28:18-86
39        android:debuggable="true"
40        android:icon="@mipmap/ic_launcher"
40-->src\main\AndroidManifest.xml:12:9-43
41        android:label="sihhc"
41-->src\main\AndroidManifest.xml:10:9-30
42        android:requestLegacyExternalStorage="true" >
42-->src\main\AndroidManifest.xml:13:9-52
43        <activity
43-->src\main\AndroidManifest.xml:15:9-53:20
44            android:name="com.flutterflow.edriveapp.MainActivity"
44-->src\main\AndroidManifest.xml:16:13-41
45            android:configChanges="orientation|keyboardHidden|keyboard|screenSize|smallestScreenSize|locale|layoutDirection|fontScale|screenLayout|density|uiMode"
45-->src\main\AndroidManifest.xml:20:13-163
46            android:exported="true"
46-->src\main\AndroidManifest.xml:17:13-36
47            android:hardwareAccelerated="true"
47-->src\main\AndroidManifest.xml:21:13-47
48            android:launchMode="singleTop"
48-->src\main\AndroidManifest.xml:18:13-43
49            android:theme="@style/LaunchTheme"
49-->src\main\AndroidManifest.xml:19:13-47
50            android:windowSoftInputMode="adjustResize" >
50-->src\main\AndroidManifest.xml:22:13-55
51
52            <!--
53                 Specifies an Android theme to apply to this Activity as soon as
54                 the Android process has started. This theme is visible to the user
55                 while the Flutter UI initializes. After that, this theme continues
56                 to determine the Window background behind the Flutter UI.
57            -->
58            <meta-data
58-->src\main\AndroidManifest.xml:27:13-30:17
59                android:name="io.flutter.embedding.android.NormalTheme"
59-->src\main\AndroidManifest.xml:28:15-70
60                android:resource="@style/NormalTheme" />
60-->src\main\AndroidManifest.xml:29:15-52
61            <!--
62                 Displays an Android View that continues showing the launch screen
63                 Drawable until Flutter paints its first frame, then this splash
64                 screen fades out. A splash screen is useful to avoid any visual
65                 gap between the end of Android's launch screen and the painting of
66                 Flutter's first frame.
67            -->
68            <meta-data
68-->src\main\AndroidManifest.xml:36:13-39:17
69                android:name="io.flutter.embedding.android.SplashScreenDrawable"
69-->src\main\AndroidManifest.xml:37:15-79
70                android:resource="@drawable/launch_background" />
70-->src\main\AndroidManifest.xml:38:15-61
71
72            <intent-filter>
72-->src\main\AndroidManifest.xml:40:13-43:29
73                <action android:name="android.intent.action.MAIN" />
73-->src\main\AndroidManifest.xml:41:17-68
73-->src\main\AndroidManifest.xml:41:25-66
74
75                <category android:name="android.intent.category.LAUNCHER" />
75-->src\main\AndroidManifest.xml:42:17-76
75-->src\main\AndroidManifest.xml:42:27-74
76            </intent-filter>
77            <!-- Deep linking -->
78            <meta-data
78-->src\main\AndroidManifest.xml:45:13-90
79                android:name="flutter_deeplinking_enabled"
79-->src\main\AndroidManifest.xml:45:24-66
80                android:value="true" />
80-->src\main\AndroidManifest.xml:45:67-87
81
82            <intent-filter android:autoVerify="true" >
82-->src\main\AndroidManifest.xml:46:13-51:29
82-->src\main\AndroidManifest.xml:46:28-53
83                <action android:name="android.intent.action.VIEW" />
83-->src\main\AndroidManifest.xml:47:17-69
83-->src\main\AndroidManifest.xml:47:25-66
84
85                <category android:name="android.intent.category.DEFAULT" />
85-->src\main\AndroidManifest.xml:48:17-76
85-->src\main\AndroidManifest.xml:48:27-73
86                <category android:name="android.intent.category.BROWSABLE" />
86-->src\main\AndroidManifest.xml:49:17-78
86-->src\main\AndroidManifest.xml:49:27-75
87
88                <data
88-->src\main\AndroidManifest.xml:50:17-73
89                    android:host="sihhc.com"
89-->src\main\AndroidManifest.xml:50:46-70
90                    android:scheme="sihhc" />
90-->src\main\AndroidManifest.xml:50:23-45
91            </intent-filter>
92        </activity>
93
94        <!--
95             Don't delete the meta-data below.
96             This is used by the Flutter tool to generate GeneratedPluginRegistrant.java
97        -->
98        <meta-data
98-->src\main\AndroidManifest.xml:57:9-59:33
99            android:name="flutterEmbedding"
99-->src\main\AndroidManifest.xml:58:13-44
100            android:value="2" />
100-->src\main\AndroidManifest.xml:59:13-30
101
102        <service
102-->[:firebase_performance] AndroidManifest.xml:12:9-16:19
103            android:name="com.google.firebase.components.ComponentDiscoveryService"
103-->[:firebase_performance] AndroidManifest.xml:12:18-89
104            android:directBootAware="true"
104-->[com.google.firebase:firebase-common:20.3.2] AndroidManifest.xml:34:13-43
105            android:exported="false" >
105-->[com.google.firebase:firebase-auth:22.0.0] AndroidManifest.xml:68:13-37
106            <meta-data
106-->[:firebase_performance] AndroidManifest.xml:13:13-15:85
107                android:name="com.google.firebase.components:io.flutter.plugins.firebase.performance.FlutterFirebaseAppRegistrar"
107-->[:firebase_performance] AndroidManifest.xml:14:17-130
108                android:value="com.google.firebase.components.ComponentRegistrar" />
108-->[:firebase_performance] AndroidManifest.xml:15:17-82
109            <meta-data
109-->[:cloud_firestore] AndroidManifest.xml:11:13-13:85
110                android:name="com.google.firebase.components:io.flutter.plugins.firebase.firestore.FlutterFirebaseFirestoreRegistrar"
110-->[:cloud_firestore] AndroidManifest.xml:12:17-134
111                android:value="com.google.firebase.components.ComponentRegistrar" />
111-->[:cloud_firestore] AndroidManifest.xml:13:17-82
112            <meta-data
112-->[:firebase_auth] AndroidManifest.xml:11:13-13:85
113                android:name="com.google.firebase.components:io.flutter.plugins.firebase.auth.FlutterFirebaseAuthRegistrar"
113-->[:firebase_auth] AndroidManifest.xml:12:17-124
114                android:value="com.google.firebase.components.ComponentRegistrar" />
114-->[:firebase_auth] AndroidManifest.xml:13:17-82
115            <meta-data
115-->[:firebase_storage] AndroidManifest.xml:11:13-13:85
116                android:name="com.google.firebase.components:io.flutter.plugins.firebase.storage.FlutterFirebaseAppRegistrar"
116-->[:firebase_storage] AndroidManifest.xml:12:17-126
117                android:value="com.google.firebase.components.ComponentRegistrar" />
117-->[:firebase_storage] AndroidManifest.xml:13:17-82
118            <meta-data
118-->[:firebase_core] AndroidManifest.xml:11:13-13:85
119                android:name="com.google.firebase.components:io.flutter.plugins.firebase.core.FlutterFirebaseCoreRegistrar"
119-->[:firebase_core] AndroidManifest.xml:12:17-124
120                android:value="com.google.firebase.components.ComponentRegistrar" />
120-->[:firebase_core] AndroidManifest.xml:13:17-82
121            <meta-data
121-->[com.google.firebase:firebase-auth:22.0.0] AndroidManifest.xml:69:13-71:85
122                android:name="com.google.firebase.components:com.google.firebase.auth.FirebaseAuthRegistrar"
122-->[com.google.firebase:firebase-auth:22.0.0] AndroidManifest.xml:70:17-109
123                android:value="com.google.firebase.components.ComponentRegistrar" />
123-->[com.google.firebase:firebase-auth:22.0.0] AndroidManifest.xml:71:17-82
124            <meta-data
124-->[com.google.firebase:firebase-firestore:24.6.0] AndroidManifest.xml:19:13-21:85
125                android:name="com.google.firebase.components:com.google.firebase.firestore.FirestoreRegistrar"
125-->[com.google.firebase:firebase-firestore:24.6.0] AndroidManifest.xml:20:17-111
126                android:value="com.google.firebase.components.ComponentRegistrar" />
126-->[com.google.firebase:firebase-firestore:24.6.0] AndroidManifest.xml:21:17-82
127            <meta-data
127-->[com.google.firebase:firebase-storage:20.2.0] AndroidManifest.xml:32:13-34:85
128                android:name="com.google.firebase.components:com.google.firebase.storage.StorageRegistrar"
128-->[com.google.firebase:firebase-storage:20.2.0] AndroidManifest.xml:33:17-107
129                android:value="com.google.firebase.components.ComponentRegistrar" />
129-->[com.google.firebase:firebase-storage:20.2.0] AndroidManifest.xml:34:17-82
130            <meta-data
130-->[com.google.firebase:firebase-perf:20.3.2] AndroidManifest.xml:16:13-18:85
131                android:name="com.google.firebase.components:com.google.firebase.perf.FirebasePerfRegistrar"
131-->[com.google.firebase:firebase-perf:20.3.2] AndroidManifest.xml:17:17-109
132                android:value="com.google.firebase.components.ComponentRegistrar" />
132-->[com.google.firebase:firebase-perf:20.3.2] AndroidManifest.xml:18:17-82
133            <meta-data
133-->[com.google.firebase:firebase-datatransport:18.1.8] AndroidManifest.xml:27:13-29:85
134                android:name="com.google.firebase.components:com.google.firebase.datatransport.TransportRegistrar"
134-->[com.google.firebase:firebase-datatransport:18.1.8] AndroidManifest.xml:28:17-115
135                android:value="com.google.firebase.components.ComponentRegistrar" />
135-->[com.google.firebase:firebase-datatransport:18.1.8] AndroidManifest.xml:29:17-82
136            <meta-data
136-->[com.google.firebase:firebase-config:21.4.0] AndroidManifest.xml:31:13-33:85
137                android:name="com.google.firebase.components:com.google.firebase.remoteconfig.RemoteConfigRegistrar"
137-->[com.google.firebase:firebase-config:21.4.0] AndroidManifest.xml:32:17-117
138                android:value="com.google.firebase.components.ComponentRegistrar" />
138-->[com.google.firebase:firebase-config:21.4.0] AndroidManifest.xml:33:17-82
139            <meta-data
139-->[com.google.firebase:firebase-installations:17.1.3] AndroidManifest.xml:17:13-19:85
140                android:name="com.google.firebase.components:com.google.firebase.installations.FirebaseInstallationsRegistrar"
140-->[com.google.firebase:firebase-installations:17.1.3] AndroidManifest.xml:18:17-127
141                android:value="com.google.firebase.components.ComponentRegistrar" />
141-->[com.google.firebase:firebase-installations:17.1.3] AndroidManifest.xml:19:17-82
142            <meta-data
142-->[com.google.firebase:firebase-abt:21.1.1] AndroidManifest.xml:12:13-14:85
143                android:name="com.google.firebase.components:com.google.firebase.abt.component.AbtRegistrar"
143-->[com.google.firebase:firebase-abt:21.1.1] AndroidManifest.xml:13:17-109
144                android:value="com.google.firebase.components.ComponentRegistrar" />
144-->[com.google.firebase:firebase-abt:21.1.1] AndroidManifest.xml:14:17-82
145        </service>
146
147        <provider
147-->[:image_picker_android] AndroidManifest.xml:10:9-18:20
148            android:name="io.flutter.plugins.imagepicker.ImagePickerFileProvider"
148-->[:image_picker_android] AndroidManifest.xml:11:13-82
149            android:authorities="com.flutterflow.edriveapp.flutter.image_provider"
149-->[:image_picker_android] AndroidManifest.xml:12:13-74
150            android:exported="false"
150-->[:image_picker_android] AndroidManifest.xml:13:13-37
151            android:grantUriPermissions="true" >
151-->[:image_picker_android] AndroidManifest.xml:14:13-47
152            <meta-data
152-->[:image_picker_android] AndroidManifest.xml:15:13-17:75
153                android:name="android.support.FILE_PROVIDER_PATHS"
153-->[:image_picker_android] AndroidManifest.xml:16:17-67
154                android:resource="@xml/flutter_image_picker_file_paths" />
154-->[:image_picker_android] AndroidManifest.xml:17:17-72
155        </provider>
156
157        <activity
157-->[:url_launcher_android] AndroidManifest.xml:10:9-13:74
158            android:name="io.flutter.plugins.urllauncher.WebViewActivity"
158-->[:url_launcher_android] AndroidManifest.xml:11:13-74
159            android:exported="false"
159-->[:url_launcher_android] AndroidManifest.xml:12:13-37
160            android:theme="@android:style/Theme.NoTitleBar.Fullscreen" />
160-->[:url_launcher_android] AndroidManifest.xml:13:13-71
161        <activity
161-->[com.google.android.gms:play-services-auth:20.7.0] AndroidManifest.xml:23:9-27:75
162            android:name="com.google.android.gms.auth.api.signin.internal.SignInHubActivity"
162-->[com.google.android.gms:play-services-auth:20.7.0] AndroidManifest.xml:24:13-93
163            android:excludeFromRecents="true"
163-->[com.google.android.gms:play-services-auth:20.7.0] AndroidManifest.xml:25:13-46
164            android:exported="false"
164-->[com.google.android.gms:play-services-auth:20.7.0] AndroidManifest.xml:26:13-37
165            android:theme="@android:style/Theme.Translucent.NoTitleBar" />
165-->[com.google.android.gms:play-services-auth:20.7.0] AndroidManifest.xml:27:13-72
166        <!--
167            Service handling Google Sign-In user revocation. For apps that do not integrate with
168            Google Sign-In, this service will never be started.
169        -->
170        <service
170-->[com.google.android.gms:play-services-auth:20.7.0] AndroidManifest.xml:33:9-37:51
171            android:name="com.google.android.gms.auth.api.signin.RevocationBoundService"
171-->[com.google.android.gms:play-services-auth:20.7.0] AndroidManifest.xml:34:13-89
172            android:exported="true"
172-->[com.google.android.gms:play-services-auth:20.7.0] AndroidManifest.xml:35:13-36
173            android:permission="com.google.android.gms.auth.api.signin.permission.REVOCATION_NOTIFICATION"
173-->[com.google.android.gms:play-services-auth:20.7.0] AndroidManifest.xml:36:13-107
174            android:visibleToInstantApps="true" />
174-->[com.google.android.gms:play-services-auth:20.7.0] AndroidManifest.xml:37:13-48
175
176        <activity
176-->[com.google.firebase:firebase-auth:22.0.0] AndroidManifest.xml:29:9-46:20
177            android:name="com.google.firebase.auth.internal.GenericIdpActivity"
177-->[com.google.firebase:firebase-auth:22.0.0] AndroidManifest.xml:30:13-80
178            android:excludeFromRecents="true"
178-->[com.google.firebase:firebase-auth:22.0.0] AndroidManifest.xml:31:13-46
179            android:exported="true"
179-->[com.google.firebase:firebase-auth:22.0.0] AndroidManifest.xml:32:13-36
180            android:launchMode="singleTask"
180-->[com.google.firebase:firebase-auth:22.0.0] AndroidManifest.xml:33:13-44
181            android:theme="@android:style/Theme.Translucent.NoTitleBar" >
181-->[com.google.firebase:firebase-auth:22.0.0] AndroidManifest.xml:34:13-72
182            <intent-filter>
182-->[com.google.firebase:firebase-auth:22.0.0] AndroidManifest.xml:35:13-45:29
183                <action android:name="android.intent.action.VIEW" />
183-->src\main\AndroidManifest.xml:47:17-69
183-->src\main\AndroidManifest.xml:47:25-66
184
185                <category android:name="android.intent.category.DEFAULT" />
185-->src\main\AndroidManifest.xml:48:17-76
185-->src\main\AndroidManifest.xml:48:27-73
186                <category android:name="android.intent.category.BROWSABLE" />
186-->src\main\AndroidManifest.xml:49:17-78
186-->src\main\AndroidManifest.xml:49:27-75
187
188                <data
188-->src\main\AndroidManifest.xml:50:17-73
189                    android:host="firebase.auth"
189-->src\main\AndroidManifest.xml:50:46-70
190                    android:path="/"
191                    android:scheme="genericidp" />
191-->src\main\AndroidManifest.xml:50:23-45
192            </intent-filter>
193        </activity>
194        <activity
194-->[com.google.firebase:firebase-auth:22.0.0] AndroidManifest.xml:47:9-64:20
195            android:name="com.google.firebase.auth.internal.RecaptchaActivity"
195-->[com.google.firebase:firebase-auth:22.0.0] AndroidManifest.xml:48:13-79
196            android:excludeFromRecents="true"
196-->[com.google.firebase:firebase-auth:22.0.0] AndroidManifest.xml:49:13-46
197            android:exported="true"
197-->[com.google.firebase:firebase-auth:22.0.0] AndroidManifest.xml:50:13-36
198            android:launchMode="singleTask"
198-->[com.google.firebase:firebase-auth:22.0.0] AndroidManifest.xml:51:13-44
199            android:theme="@android:style/Theme.Translucent.NoTitleBar" >
199-->[com.google.firebase:firebase-auth:22.0.0] AndroidManifest.xml:52:13-72
200            <intent-filter>
200-->[com.google.firebase:firebase-auth:22.0.0] AndroidManifest.xml:53:13-63:29
201                <action android:name="android.intent.action.VIEW" />
201-->src\main\AndroidManifest.xml:47:17-69
201-->src\main\AndroidManifest.xml:47:25-66
202
203                <category android:name="android.intent.category.DEFAULT" />
203-->src\main\AndroidManifest.xml:48:17-76
203-->src\main\AndroidManifest.xml:48:27-73
204                <category android:name="android.intent.category.BROWSABLE" />
204-->src\main\AndroidManifest.xml:49:17-78
204-->src\main\AndroidManifest.xml:49:27-75
205
206                <data
206-->src\main\AndroidManifest.xml:50:17-73
207                    android:host="firebase.auth"
207-->src\main\AndroidManifest.xml:50:46-70
208                    android:path="/"
209                    android:scheme="recaptcha" />
209-->src\main\AndroidManifest.xml:50:23-45
210            </intent-filter>
211        </activity>
212        <activity
212-->[com.google.android.gms:play-services-base:18.0.1] AndroidManifest.xml:20:9-22:45
213            android:name="com.google.android.gms.common.api.GoogleApiActivity"
213-->[com.google.android.gms:play-services-base:18.0.1] AndroidManifest.xml:20:19-85
214            android:exported="false"
214-->[com.google.android.gms:play-services-base:18.0.1] AndroidManifest.xml:22:19-43
215            android:theme="@android:style/Theme.Translucent.NoTitleBar" />
215-->[com.google.android.gms:play-services-base:18.0.1] AndroidManifest.xml:21:19-78
216
217        <provider
217-->[com.google.firebase:firebase-common:20.3.2] AndroidManifest.xml:25:9-30:39
218            android:name="com.google.firebase.provider.FirebaseInitProvider"
218-->[com.google.firebase:firebase-common:20.3.2] AndroidManifest.xml:26:13-77
219            android:authorities="com.flutterflow.edriveapp.firebaseinitprovider"
219-->[com.google.firebase:firebase-common:20.3.2] AndroidManifest.xml:27:13-72
220            android:directBootAware="true"
220-->[com.google.firebase:firebase-common:20.3.2] AndroidManifest.xml:28:13-43
221            android:exported="false"
221-->[com.google.firebase:firebase-common:20.3.2] AndroidManifest.xml:29:13-37
222            android:initOrder="100" />
222-->[com.google.firebase:firebase-common:20.3.2] AndroidManifest.xml:30:13-36
223
224        <meta-data
224-->[com.google.android.gms:play-services-basement:18.2.0] AndroidManifest.xml:21:9-23:69
225            android:name="com.google.android.gms.version"
225-->[com.google.android.gms:play-services-basement:18.2.0] AndroidManifest.xml:22:13-58
226            android:value="@integer/google_play_services_version" />
226-->[com.google.android.gms:play-services-basement:18.2.0] AndroidManifest.xml:23:13-66
227
228        <uses-library
228-->[androidx.window:window:1.0.0-beta04] AndroidManifest.xml:25:9-27:40
229            android:name="androidx.window.extensions"
229-->[androidx.window:window:1.0.0-beta04] AndroidManifest.xml:26:13-54
230            android:required="false" />
230-->[androidx.window:window:1.0.0-beta04] AndroidManifest.xml:27:13-37
231        <uses-library
231-->[androidx.window:window:1.0.0-beta04] AndroidManifest.xml:28:9-30:40
232            android:name="androidx.window.sidecar"
232-->[androidx.window:window:1.0.0-beta04] AndroidManifest.xml:29:13-51
233            android:required="false" />
233-->[androidx.window:window:1.0.0-beta04] AndroidManifest.xml:30:13-37
234
235        <provider
235-->[androidx.lifecycle:lifecycle-process:2.6.1] AndroidManifest.xml:24:9-32:20
236            android:name="androidx.startup.InitializationProvider"
236-->[androidx.lifecycle:lifecycle-process:2.6.1] AndroidManifest.xml:25:13-67
237            android:authorities="com.flutterflow.edriveapp.androidx-startup"
237-->[androidx.lifecycle:lifecycle-process:2.6.1] AndroidManifest.xml:26:13-68
238            android:exported="false" >
238-->[androidx.lifecycle:lifecycle-process:2.6.1] AndroidManifest.xml:27:13-37
239            <meta-data
239-->[androidx.lifecycle:lifecycle-process:2.6.1] AndroidManifest.xml:29:13-31:52
240                android:name="androidx.lifecycle.ProcessLifecycleInitializer"
240-->[androidx.lifecycle:lifecycle-process:2.6.1] AndroidManifest.xml:30:17-78
241                android:value="androidx.startup" />
241-->[androidx.lifecycle:lifecycle-process:2.6.1] AndroidManifest.xml:31:17-49
242            <meta-data
242-->[androidx.profileinstaller:profileinstaller:1.3.0] AndroidManifest.xml:29:13-31:52
243                android:name="androidx.profileinstaller.ProfileInstallerInitializer"
243-->[androidx.profileinstaller:profileinstaller:1.3.0] AndroidManifest.xml:30:17-85
244                android:value="androidx.startup" />
244-->[androidx.profileinstaller:profileinstaller:1.3.0] AndroidManifest.xml:31:17-49
245        </provider>
246
247        <receiver
247-->[androidx.profileinstaller:profileinstaller:1.3.0] AndroidManifest.xml:34:9-52:20
248            android:name="androidx.profileinstaller.ProfileInstallReceiver"
248-->[androidx.profileinstaller:profileinstaller:1.3.0] AndroidManifest.xml:35:13-76
249            android:directBootAware="false"
249-->[androidx.profileinstaller:profileinstaller:1.3.0] AndroidManifest.xml:36:13-44
250            android:enabled="true"
250-->[androidx.profileinstaller:profileinstaller:1.3.0] AndroidManifest.xml:37:13-35
251            android:exported="true"
251-->[androidx.profileinstaller:profileinstaller:1.3.0] AndroidManifest.xml:38:13-36
252            android:permission="android.permission.DUMP" >
252-->[androidx.profileinstaller:profileinstaller:1.3.0] AndroidManifest.xml:39:13-57
253            <intent-filter>
253-->[androidx.profileinstaller:profileinstaller:1.3.0] AndroidManifest.xml:40:13-42:29
254                <action android:name="androidx.profileinstaller.action.INSTALL_PROFILE" />
254-->[androidx.profileinstaller:profileinstaller:1.3.0] AndroidManifest.xml:41:17-91
254-->[androidx.profileinstaller:profileinstaller:1.3.0] AndroidManifest.xml:41:25-88
255            </intent-filter>
256            <intent-filter>
256-->[androidx.profileinstaller:profileinstaller:1.3.0] AndroidManifest.xml:43:13-45:29
257                <action android:name="androidx.profileinstaller.action.SKIP_FILE" />
257-->[androidx.profileinstaller:profileinstaller:1.3.0] AndroidManifest.xml:44:17-85
257-->[androidx.profileinstaller:profileinstaller:1.3.0] AndroidManifest.xml:44:25-82
258            </intent-filter>
259            <intent-filter>
259-->[androidx.profileinstaller:profileinstaller:1.3.0] AndroidManifest.xml:46:13-48:29
260                <action android:name="androidx.profileinstaller.action.SAVE_PROFILE" />
260-->[androidx.profileinstaller:profileinstaller:1.3.0] AndroidManifest.xml:47:17-88
260-->[androidx.profileinstaller:profileinstaller:1.3.0] AndroidManifest.xml:47:25-85
261            </intent-filter>
262            <intent-filter>
262-->[androidx.profileinstaller:profileinstaller:1.3.0] AndroidManifest.xml:49:13-51:29
263                <action android:name="androidx.profileinstaller.action.BENCHMARK_OPERATION" />
263-->[androidx.profileinstaller:profileinstaller:1.3.0] AndroidManifest.xml:50:17-95
263-->[androidx.profileinstaller:profileinstaller:1.3.0] AndroidManifest.xml:50:25-92
264            </intent-filter>
265        </receiver>
266
267        <service
267-->[com.google.android.datatransport:transport-backend-cct:3.1.9] AndroidManifest.xml:28:9-34:19
268            android:name="com.google.android.datatransport.runtime.backends.TransportBackendDiscovery"
268-->[com.google.android.datatransport:transport-backend-cct:3.1.9] AndroidManifest.xml:29:13-103
269            android:exported="false" >
269-->[com.google.android.datatransport:transport-backend-cct:3.1.9] AndroidManifest.xml:30:13-37
270            <meta-data
270-->[com.google.android.datatransport:transport-backend-cct:3.1.9] AndroidManifest.xml:31:13-33:39
271                android:name="backend:com.google.android.datatransport.cct.CctBackendFactory"
271-->[com.google.android.datatransport:transport-backend-cct:3.1.9] AndroidManifest.xml:32:17-94
272                android:value="cct" />
272-->[com.google.android.datatransport:transport-backend-cct:3.1.9] AndroidManifest.xml:33:17-36
273        </service>
274        <service
274-->[com.google.android.datatransport:transport-runtime:3.1.9] AndroidManifest.xml:26:9-30:19
275            android:name="com.google.android.datatransport.runtime.scheduling.jobscheduling.JobInfoSchedulerService"
275-->[com.google.android.datatransport:transport-runtime:3.1.9] AndroidManifest.xml:27:13-117
276            android:exported="false"
276-->[com.google.android.datatransport:transport-runtime:3.1.9] AndroidManifest.xml:28:13-37
277            android:permission="android.permission.BIND_JOB_SERVICE" >
277-->[com.google.android.datatransport:transport-runtime:3.1.9] AndroidManifest.xml:29:13-69
278        </service>
279
280        <receiver
280-->[com.google.android.datatransport:transport-runtime:3.1.9] AndroidManifest.xml:32:9-34:40
281            android:name="com.google.android.datatransport.runtime.scheduling.jobscheduling.AlarmManagerSchedulerBroadcastReceiver"
281-->[com.google.android.datatransport:transport-runtime:3.1.9] AndroidManifest.xml:33:13-132
282            android:exported="false" />
282-->[com.google.android.datatransport:transport-runtime:3.1.9] AndroidManifest.xml:34:13-37
283    </application>
284
285</manifest>